<?xml version="1.0" encoding="UTF-8"?>
<testsuite xmlns:xsi="http://www.w3.org/2001/XMLSchema-instance" xsi:noNamespaceSchemaLocation="https://maven.apache.org/surefire/maven-surefire-plugin/xsd/surefire-test-report-3.0.xsd" version="3.0" name="TestSuite" time="253.318" tests="24" errors="0" skipped="0" failures="1">
  <properties>
[...]
</properties>
  <testcase name="searchResultsClickingSearchButtonUnderSearchField" classname="com.google.tests.N_0001_SearchResultsClickingSearchButtonUnderSearchFieldTest" time="8.514"/>
  <testcase name="searchResultsClickingSearchButtonUnderSearchField" classname="com.google.tests.N_0001_SearchResultsClickingSearchButtonUnderSearchFieldTest" time="8.633"/>
  <testcase name="searchResultsClickingSearchButtonUnderSearchField" classname="com.google.tests.N_0001_SearchResultsClickingSearchButtonUnderSearchFieldTest" time="1.513"/>
  <testcase name="searchResultsClickingSearchButtonUnderSearchField" classname="com.google.tests.N_0001_SearchResultsClickingSearchButtonUnderSearchFieldTest" time="1.718"/>
  <testcase name="searchResultsClickingSearchButtonUnderSearchField" classname="com.google.tests.N_0001_SearchResultsClickingSearchButtonUnderSearchFieldTest" time="7.05"/>
  <testcase name="searchResultsClickingSearchButtonOnDropDownMenu" classname="com.google.tests.N_0002_SearchResultsClickingSearchButtonOnDropDownMenuTest" time="6.755"/>
  <testcase name="searchResultsClickingSearchButtonOnDropDownMenu" classname="com.google.tests.N_0002_SearchResultsClickingSearchButtonOnDropDownMenuTest" time="0.83"/>
  <testcase name="searchResultsClickingSearchButtonOnDropDownMenu" classname="com.google.tests.N_0002_SearchResultsClickingSearchButtonOnDropDownMenuTest" time="2.6"/>
  <testcase name="searchResultsClickingSearchButtonOnDropDownMenu" classname="com.google.tests.N_0002_SearchResultsClickingSearchButtonOnDropDownMenuTest" time="7.223"/>
  <testcase name="searchResultsClickingSearchButtonOnDropDownMenu" classname="com.google.tests.N_0002_SearchResultsClickingSearchButtonOnDropDownMenuTest" time="7.907"/>
  <testcase name="searchResultsClickingEnterButton" classname="com.google.tests.N_0003_SearchResultsClickingEnterButtonTest" time="1.012"/>
  <testcase name="searchResultsClickingEnterButton" classname="com.google.tests.N_0003_SearchResultsClickingEnterButtonTest" time="0.997"/>
  <testcase name="searchResultsClickingEnterButton" classname="com.google.tests.N_0003_SearchResultsClickingEnterButtonTest" time="1.215"/>
  <testcase name="searchResultsClickingEnterButton" classname="com.google.tests.N_0003_SearchResultsClickingEnterButtonTest" time="5.084"/>
  <testcase name="searchResultsClickingEnterButton" classname="com.google.tests.N_0003_SearchResultsClickingEnterButtonTest" time="11.598"/>
  <testcase name="clickSearchButtonWhenSearchFieldIsEmpty" classname="com.google.tests.N_0004_ClickSearchButtonWhenSearchFieldIsEmptyTest" time="3.504"/>
  <testcase name="clickSearchButtonWhenSearchFieldIsEmpty" classname="com.google.tests.N_0004_ClickSearchButtonWhenSearchFieldIsEmptyTest" time="11.558"/>
  <testcase name="clickSearchButtonWhenSearchFieldIsEmpty" classname="com.google.tests.N_0004_ClickSearchButtonWhenSearchFieldIsEmptyTest" time="1.786"/>
  <testcase name="clickSearchButtonWhenSearchFieldIsEmpty" classname="com.google.tests.N_0004_ClickSearchButtonWhenSearchFieldIsEmptyTest" time="0.226"/>
  <testcase name="clickSearchButtonWhenSearchFieldIsEmpty" classname="com.google.tests.N_0004_ClickSearchButtonWhenSearchFieldIsEmptyTest" time="0.48"/>
  <testcase name="countSearchResult" classname="com.google.tests.N_0005_CountSearchResultTest" time="0.634">
    <failure message="The command failed because the specified element reference is stale.&#10;For documentation on this error, please visit: https://www.seleniumhq.org/exceptions/stale_element_reference.html&#10;Build info: version: &apos;3.141.59&apos;, revision: &apos;e82be7d358&apos;, time: &apos;2018-11-14T08:17:03&apos;&#10;System info: host: &apos;DESKTOP-S5NFJF9&apos;, ip: &apos;192.168.31.32&apos;, os.name: &apos;Windows 10&apos;, os.arch: &apos;amd64&apos;, os.version: &apos;10.0&apos;, java.version: &apos;13.0.2&apos;&#10;Driver info: org.openqa.selenium.edge.EdgeDriver&#10;Capabilities {acceptInsecureCerts: false, browserName: MicrosoftEdge, browserVersion: 44.18362.449.0, javascriptEnabled: true, pageLoadStrategy: normal, platform: WINDOWS, platformName: WINDOWS, proxy: Proxy(), setWindowRect: false, timeouts: {implicit: 0, pageLoad: 300000, script: 30000}}&#10;Session ID: D9BBD282-CF99-4C47-A0A9-1370F743868B" type="org.openqa.selenium.StaleElementReferenceException"><![CDATA[org.openqa.selenium.StaleElementReferenceException: 
The command failed because the specified element reference is stale.
For documentation on this error, please visit: https://www.seleniumhq.org/exceptions/stale_element_reference.html
Build info: version: '3.141.59', revision: 'e82be7d358', time: '2018-11-14T08:17:03'
System info: host: 'DESKTOP-S5NFJF9', ip: '192.168.31.32', os.name: 'Windows 10', os.arch: 'amd64', os.version: '10.0', java.version: '13.0.2'
Driver info: org.openqa.selenium.edge.EdgeDriver
Capabilities {acceptInsecureCerts: false, browserName: MicrosoftEdge, browserVersion: 44.18362.449.0, javascriptEnabled: true, pageLoadStrategy: normal, platform: WINDOWS, platformName: WINDOWS, proxy: Proxy(), setWindowRect: false, timeouts: {implicit: 0, pageLoad: 300000, script: 30000}}
Session ID: D9BBD282-CF99-4C47-A0A9-1370F743868B
	at com.google.tests.N_0005_CountSearchResultTest.countSearchResult(N_0005_CountSearchResultTest.java:17)
]]></failure>
    <system-out><![CDATA[Clicked on: [[OperaDriver: opera on WINDOWS (a08ba42ffa2abd0cf19b0598ade21821)] -> css selector: #pnnext > span:nth-child(2)]
Trying to find Element By : By.cssSelector: #rso>div
Found Element By : By.cssSelector: #rso>div
Before navigating to: 'https://www.google.com/'
Trying to find Element By : By.cssSelector: #pnnext > span:nth-child(2)
Found Element By : By.cssSelector: #pnnext > span:nth-child(2)
Trying to find Element By : By.cssSelector: #pnnext > span:nth-child(2)
Found Element By : By.cssSelector: #pnnext > span:nth-child(2)
Trying to find Element By : By.cssSelector: #pnnext > span:nth-child(2)
Found Element By : By.cssSelector: #pnnext > span:nth-child(2)
Trying to click on: [[OperaDriver: opera on WINDOWS (a08ba42ffa2abd0cf19b0598ade21821)] -> css selector: #pnnext > span:nth-child(2)]
Navigated to:'https://www.google.com/'
Trying to find Element By : By.name: q
Clicked on: [[OperaDriver: opera on WINDOWS (a08ba42ffa2abd0cf19b0598ade21821)] -> css selector: #pnnext > span:nth-child(2)]
Trying to find Element By : By.cssSelector: #rso>div
Found Element By : By.cssSelector: #rso>div
Found Element By : By.name: q
Trying to find Element By : By.name: q
Found Element By : By.name: q
Change value: [[EdgeDriver: MicrosoftEdge on WINDOWS (D9BBD282-CF99-4C47-A0A9-1370F743868B)] -> name: q]
Changed element: [[EdgeDriver: MicrosoftEdge on WINDOWS (D9BBD282-CF99-4C47-A0A9-1370F743868B)] -> name: q]
Trying to find Element By : By.name: q
Found Element By : By.name: q
Trying to find Element By : By.name: q
Found Element By : By.name: q
Change value: [[EdgeDriver: MicrosoftEdge on WINDOWS (D9BBD282-CF99-4C47-A0A9-1370F743868B)] -> name: q]
Changed element: [[EdgeDriver: MicrosoftEdge on WINDOWS (D9BBD282-CF99-4C47-A0A9-1370F743868B)] -> name: q]
Trying to find Element By : By.cssSelector: #rso>div
Trying to find Element By : By.cssSelector: #pnnext > span:nth-child(2)
Found Element By : By.cssSelector: #pnnext > span:nth-child(2)
Trying to find Element By : By.cssSelector: #pnnext > span:nth-child(2)
Found Element By : By.cssSelector: #rso>div
Trying to find Element By : By.cssSelector: #rso>div
Found Element By : By.cssSelector: #pnnext > span:nth-child(2)
Trying to find Element By : By.cssSelector: #pnnext > span:nth-child(2)
Found Element By : By.cssSelector: #pnnext > span:nth-child(2)
Trying to click on: [[OperaDriver: opera on WINDOWS (a08ba42ffa2abd0cf19b0598ade21821)] -> css selector: #pnnext > span:nth-child(2)]
Found Element By : By.cssSelector: #rso>div
Clicked on: [[OperaDriver: opera on WINDOWS (a08ba42ffa2abd0cf19b0598ade21821)] -> css selector: #pnnext > span:nth-child(2)]
Trying to find Element By : By.cssSelector: #rso>div
Found Element By : By.cssSelector: #rso>div
Trying to find Element By : By.cssSelector: #pnnext > span:nth-child(2)
Found Element By : By.cssSelector: #pnnext > span:nth-child(2)
Trying to find Element By : By.cssSelector: #pnnext > span:nth-child(2)
Found Element By : By.cssSelector: #pnnext > span:nth-child(2)
Trying to find Element By : By.cssSelector: #pnnext > span:nth-child(2)
Found Element By : By.cssSelector: #pnnext > span:nth-child(2)
Trying to click on: [[OperaDriver: opera on WINDOWS (a08ba42ffa2abd0cf19b0598ade21821)] -> css selector: #pnnext > span:nth-child(2)]
Before navigating to: 'https://www.google.com/'
Clicked on: [[OperaDriver: opera on WINDOWS (a08ba42ffa2abd0cf19b0598ade21821)] -> css selector: #pnnext > span:nth-child(2)]
Trying to find Element By : By.cssSelector: #rso>div
Found Element By : By.cssSelector: #rso>div
Navigated to:'https://www.google.com/'
Trying to find Element By : By.name: q
Found Element By : By.name: q
Trying to find Element By : By.name: q
Found Element By : By.name: q
Change value: [[ChromeDriver: chrome on WINDOWS (f71b480d70cd15898ff471a9d31bd64b)] -> name: q]
Changed element: [[ChromeDriver: chrome on WINDOWS (f71b480d70cd15898ff471a9d31bd64b)] -> name: q]
Trying to find Element By : By.name: q
Found Element By : By.name: q
Trying to find Element By : By.name: q
Found Element By : By.name: q
Change value: [[ChromeDriver: chrome on WINDOWS (f71b480d70cd15898ff471a9d31bd64b)] -> name: q]
Trying to find Element By : By.cssSelector: #pnnext > span:nth-child(2)
Trying to find Element By : By.cssSelector: #pnnext > span:nth-child(2)
Found Element By : By.cssSelector: #pnnext > span:nth-child(2)
Trying to find Element By : By.cssSelector: #pnnext > span:nth-child(2)
Found Element By : By.cssSelector: #pnnext > span:nth-child(2)
Found Element By : By.cssSelector: #pnnext > span:nth-child(2)
Trying to find Element By : By.cssSelector: #pnnext > span:nth-child(2)
Trying to find Element By : By.cssSelector: #pnnext > span:nth-child(2)
Found Element By : By.cssSelector: #pnnext > span:nth-child(2)
Trying to click on: [[OperaDriver: opera on WINDOWS (a08ba42ffa2abd0cf19b0598ade21821)] -> css selector: #pnnext > span:nth-child(2)]
Found Element By : By.cssSelector: #pnnext > span:nth-child(2)
Trying to find Element By : By.cssSelector: #pnnext > span:nth-child(2)
Found Element By : By.cssSelector: #pnnext > span:nth-child(2)
Trying to click on: [[EdgeDriver: MicrosoftEdge on WINDOWS (D9BBD282-CF99-4C47-A0A9-1370F743868B)] -> css selector: #pnnext > span:nth-child(2)]
Clicked on: [[EdgeDriver: MicrosoftEdge on WINDOWS (D9BBD282-CF99-4C47-A0A9-1370F743868B)] -> css selector: #pnnext > span:nth-child(2)]
Trying to find Element By : By.cssSelector: #rso>div
Changed element: [[ChromeDriver: chrome on WINDOWS (f71b480d70cd15898ff471a9d31bd64b)] -> name: q]
Trying to find Element By : By.cssSelector: #rso>div
Found Element By : By.cssSelector: #rso>div
Trying to find Element By : By.cssSelector: #rso>div
Found Element By : By.cssSelector: #rso>div
Found Element By : By.cssSelector: #rso>div
Clicked on: [[OperaDriver: opera on WINDOWS (a08ba42ffa2abd0cf19b0598ade21821)] -> css selector: #pnnext > span:nth-child(2)]
Trying to find Element By : By.cssSelector: #rso>div
Found Element By : By.cssSelector: #rso>div
Before navigating to: 'https://www.google.com/'
Trying to find Element By : By.cssSelector: #pnnext > span:nth-child(2)
Navigated to:'https://www.google.com/'
Trying to find Element By : By.name: q
Found Element By : By.name: q
Found Element By : By.cssSelector: #pnnext > span:nth-child(2)
Trying to find Element By : By.cssSelector: #pnnext > span:nth-child(2)
Trying to find Element By : By.name: q
Found Element By : By.name: q
Found Element By : By.cssSelector: #pnnext > span:nth-child(2)
Trying to find Element By : By.cssSelector: #pnnext > span:nth-child(2)
Change value: [[FirefoxDriver: firefox on WINDOWS (b8c2c8e3-d3c5-4351-ad55-439434395e49)] -> name: q]
Found Element By : By.cssSelector: #pnnext > span:nth-child(2)
Trying to click on: [[EdgeDriver: MicrosoftEdge on WINDOWS (D9BBD282-CF99-4C47-A0A9-1370F743868B)] -> css selector: #pnnext > span:nth-child(2)]
Clicked on: [[EdgeDriver: MicrosoftEdge on WINDOWS (D9BBD282-CF99-4C47-A0A9-1370F743868B)] -> css selector: #pnnext > span:nth-child(2)]
Trying to find Element By : By.cssSelector: #rso>div
Changed element: [[FirefoxDriver: firefox on WINDOWS (b8c2c8e3-d3c5-4351-ad55-439434395e49)] -> name: q]
Trying to find Element By : By.name: q
Found Element By : By.name: q
Found Element By : By.cssSelector: #rso>div
]]></system-out>
    <system-err><![CDATA[[1590076722.027][SEVERE]: Timed out receiving message from renderer: 0.100
[1590076722.656][SEVERE]: Timed out receiving message from renderer: 0.100
[1590076722.912][SEVERE]: Timed out receiving message from renderer: 0.100
The following JSON wire protocol command endpoint is not allowed when server is running in W3C mode.
GET /shutdown

[1590076723.014][SEVERE]: Timed out receiving message from renderer: 0.100
[18:58:43.087] - Listening on http://127.0.0.1:42728/ 
[18:58:43.087] - Listening on http://[::1]:42728/ 
May 21, 2020 6:58:44 PM org.openqa.selenium.remote.ProtocolHandshake createSession
INFO: Detected dialect: W3C
1590076726053	Marionette	ERROR	[24] No reply from Marionette:Register
[1590076726.803][SEVERE]: Timed out receiving message from renderer: 0.100
[1590076727.058][SEVERE]: Timed out receiving message from renderer: 0.100

###!!! [Child][MessageChannel::SendAndWait] Error: Channel error: cannot send/recv

May 21, 2020 6:58:48 PM org.openqa.selenium.os.OsProcess destroy
SEVERE: Unable to kill process Process[pid=3432, exitValue=1]
Starting ChromeDriver 81.0.4044.69 (6813546031a4bc83f717a2ef7cd4ac6ec1199132-refs/branch-heads/4044@{#776}) on port 47818
Only local connections are allowed.
Please protect ports used by ChromeDriver and related test frameworks to prevent access by malicious code.
[1590076732.114][SEVERE]: Timed out receiving message from renderer: 0.100
[1590076732.750][SEVERE]: Timed out receiving message from renderer: 0.100
May 21, 2020 6:58:53 PM org.openqa.selenium.remote.ProtocolHandshake createSession
INFO: Detected dialect: W3C
A content process crashed and MOZ_CRASHREPORTER_SHUTDOWN is set, shutting down
[1590076735.457][SEVERE]: Timed out receiving message from renderer: 0.100
[1590076735.566][SEVERE]: Timed out receiving message from renderer: 0.100
[1590076736.035][SEVERE]: Timed out receiving message from renderer: 0.100
[1590076736.164][SEVERE]: Timed out receiving message from renderer: 0.100
1590076737051	mozrunner::runner	INFO	Running command: "C:\\Program Files\\Mozilla Firefox\\firefox.exe" "-marionette" "-foreground" "-no-remote" "-profile" "C:\\Users\\olegn\\AppData\\Local\\Temp\\rust_mozprofile7ESddD"
[1590076737.184][SEVERE]: Timed out receiving message from renderer: 0.100
[1590076737.448][SEVERE]: Timed out receiving message from renderer: 0.100
[1590076737.897][SEVERE]: Timed out receiving message from renderer: 0.100
1590076738391	addons.webextension.doh-rollout@mozilla.org	WARN	Loading extension 'doh-rollout@mozilla.org': Reading manifest: Invalid extension permission: networkStatus
[1590076739.931][SEVERE]: Timed out receiving message from renderer: 0.100
1590076740041	addons.webextension.screenshots@mozilla.org	WARN	Loading extension 'screenshots@mozilla.org': Reading manifest: Invalid extension permission: mozillaAddons
1590076740042	addons.webextension.screenshots@mozilla.org	WARN	Loading extension 'screenshots@mozilla.org': Reading manifest: Invalid extension permission: telemetry
1590076740043	addons.webextension.screenshots@mozilla.org	WARN	Loading extension 'screenshots@mozilla.org': Reading manifest: Invalid extension permission: resource://pdf.js/
1590076740044	addons.webextension.screenshots@mozilla.org	WARN	Loading extension 'screenshots@mozilla.org': Reading manifest: Invalid extension permission: about:reader*
[1590076740.300][SEVERE]: Timed out receiving message from renderer: 0.100
[1590076740.628][SEVERE]: Timed out receiving message from renderer: 0.100
[1590076740.854][SEVERE]: Timed out receiving message from renderer: 0.100
[1590076741.173][SEVERE]: Timed out receiving message from renderer: 0.100
[1590076741.462][SEVERE]: Timed out receiving message from renderer: 0.100
[1590076742.135][SEVERE]: Timed out receiving message from renderer: 0.100
[1590076742.307][SEVERE]: Timed out receiving message from renderer: 0.100
[1590076743.085][SEVERE]: Timed out receiving message from renderer: 0.100
[1590076743.348][SEVERE]: Timed out receiving message from renderer: 0.100
JavaScript error: resource://gre/modules/XULStore.jsm, line 66: Error: Can't find profile directory.
1590076747405	Marionette	INFO	Listening on port 54000
1590076747555	Marionette	WARN	TLS certificate errors will be ignored for this session
May 21, 2020 6:59:07 PM org.openqa.selenium.remote.ProtocolHandshake createSession
INFO: Detected dialect: W3C
]]></system-err>
  </testcase>
  <testcase name="countSearchResult" classname="com.google.tests.N_0005_CountSearchResultTest" time="41.905"/>
  <testcase name="countSearchResult" classname="com.google.tests.N_0005_CountSearchResultTest" time="59.994"/>
  <testcase name="countSearchResult" classname="com.google.tests.N_0005_CountSearchResultTest" time="77.168"/>
</testsuite>