<?xml version="1.0" encoding="UTF-8"?>
<testsuite xmlns:xsi="http://www.w3.org/2001/XMLSchema-instance" xsi:noNamespaceSchemaLocation="https://maven.apache.org/surefire/maven-surefire-plugin/xsd/surefire-test-report-3.0.xsd" version="3.0" name="TestSuite" time="286.221" tests="24" errors="0" skipped="0" failures="1">
  <properties>
[...]
</properties>
  <testcase name="searchResultsClickingSearchButtonUnderSearchField" classname="com.google.tests.N_0001_SearchResultsClickingSearchButtonUnderSearchFieldTest" time="3.707"/>
  <testcase name="searchResultsClickingSearchButtonUnderSearchField" classname="com.google.tests.N_0001_SearchResultsClickingSearchButtonUnderSearchFieldTest" time="3.015"/>
  <testcase name="searchResultsClickingSearchButtonUnderSearchField" classname="com.google.tests.N_0001_SearchResultsClickingSearchButtonUnderSearchFieldTest" time="3.077"/>
  <testcase name="searchResultsClickingSearchButtonUnderSearchField" classname="com.google.tests.N_0001_SearchResultsClickingSearchButtonUnderSearchFieldTest" time="3.131"/>
  <testcase name="searchResultsClickingSearchButtonUnderSearchField" classname="com.google.tests.N_0001_SearchResultsClickingSearchButtonUnderSearchFieldTest" time="0.838"/>
  <testcase name="searchResultsClickingSearchButtonOnDropDownMenu" classname="com.google.tests.N_0002_SearchResultsClickingSearchButtonOnDropDownMenuTest" time="4.134"/>
  <testcase name="searchResultsClickingSearchButtonOnDropDownMenu" classname="com.google.tests.N_0002_SearchResultsClickingSearchButtonOnDropDownMenuTest" time="0.102"/>
  <testcase name="searchResultsClickingSearchButtonOnDropDownMenu" classname="com.google.tests.N_0002_SearchResultsClickingSearchButtonOnDropDownMenuTest" time="0.181"/>
  <testcase name="searchResultsClickingSearchButtonOnDropDownMenu" classname="com.google.tests.N_0002_SearchResultsClickingSearchButtonOnDropDownMenuTest" time="0.754"/>
  <testcase name="searchResultsClickingSearchButtonOnDropDownMenu" classname="com.google.tests.N_0002_SearchResultsClickingSearchButtonOnDropDownMenuTest" time="0.463"/>
  <testcase name="searchResultsClickingEnterButton" classname="com.google.tests.N_0003_SearchResultsClickingEnterButtonTest" time="29.069"/>
  <testcase name="searchResultsClickingEnterButton" classname="com.google.tests.N_0003_SearchResultsClickingEnterButtonTest" time="1.947"/>
  <testcase name="searchResultsClickingEnterButton" classname="com.google.tests.N_0003_SearchResultsClickingEnterButtonTest" time="2.089"/>
  <testcase name="searchResultsClickingEnterButton" classname="com.google.tests.N_0003_SearchResultsClickingEnterButtonTest" time="13.752"/>
  <testcase name="searchResultsClickingEnterButton" classname="com.google.tests.N_0003_SearchResultsClickingEnterButtonTest" time="5.374"/>
  <testcase name="clickSearchButtonWhenSearchFieldIsEmpty" classname="com.google.tests.N_0004_ClickSearchButtonWhenSearchFieldIsEmptyTest" time="0.387"/>
  <testcase name="clickSearchButtonWhenSearchFieldIsEmpty" classname="com.google.tests.N_0004_ClickSearchButtonWhenSearchFieldIsEmptyTest" time="0.019"/>
  <testcase name="clickSearchButtonWhenSearchFieldIsEmpty" classname="com.google.tests.N_0004_ClickSearchButtonWhenSearchFieldIsEmptyTest" time="0.432"/>
  <testcase name="clickSearchButtonWhenSearchFieldIsEmpty" classname="com.google.tests.N_0004_ClickSearchButtonWhenSearchFieldIsEmptyTest" time="3.272"/>
  <testcase name="clickSearchButtonWhenSearchFieldIsEmpty" classname="com.google.tests.N_0004_ClickSearchButtonWhenSearchFieldIsEmptyTest" time="4.208"/>
  <testcase name="countSearchResult" classname="com.google.tests.N_0005_CountSearchResultTest" time="6.451">
    <failure message="expected [190] but found [191]" type="java.lang.AssertionError"><![CDATA[java.lang.AssertionError: expected [190] but found [191]
	at com.google.tests.N_0005_CountSearchResultTest.countSearchResult(N_0005_CountSearchResultTest.java:17)
]]></failure>
    <system-out><![CDATA[Trying to find Element By : By.cssSelector: #pnnext > span:nth-child(2)
Found Element By : By.cssSelector: #pnnext > span:nth-child(2)
Trying to click on: [[EdgeDriver: MicrosoftEdge on WINDOWS (DA8B5612-7863-4B90-8C95-C936024E07B1)] -> css selector: #pnnext > span:nth-child(2)]
Clicked on: [[EdgeDriver: MicrosoftEdge on WINDOWS (DA8B5612-7863-4B90-8C95-C936024E07B1)] -> css selector: #pnnext > span:nth-child(2)]
Trying to find Element By : By.cssSelector: #rso>div
Clicked on: [[ChromeDriver: chrome on WINDOWS (b1acda6b3fb6d538a71cce8634abbf72)] -> css selector: #pnnext > span:nth-child(2)]
Trying to find Element By : By.cssSelector: #rso>div
Found Element By : By.cssSelector: #rso>div
Found Element By : By.cssSelector: #rso>div
Trying to find Element By : By.cssSelector: #pnnext > span:nth-child(2)
Found Element By : By.cssSelector: #pnnext > span:nth-child(2)
Trying to find Element By : By.cssSelector: #pnnext > span:nth-child(2)
Found Element By : By.cssSelector: #pnnext > span:nth-child(2)
Trying to find Element By : By.cssSelector: #pnnext > span:nth-child(2)
Found Element By : By.cssSelector: #pnnext > span:nth-child(2)
Trying to click on: [[FirefoxDriver: firefox on WINDOWS (13586607-a243-45cb-a265-41758934bb11)] -> css selector: #pnnext > span:nth-child(2)]
Clicked on: [[FirefoxDriver: firefox on WINDOWS (13586607-a243-45cb-a265-41758934bb11)] -> css selector: #pnnext > span:nth-child(2)]
Trying to find Element By : By.cssSelector: #rso>div
Found Element By : By.cssSelector: #rso>div
Trying to find Element By : By.cssSelector: #pnnext > span:nth-child(2)
Found Element By : By.cssSelector: #pnnext > span:nth-child(2)
Trying to find Element By : By.cssSelector: #pnnext > span:nth-child(2)
Found Element By : By.cssSelector: #pnnext > span:nth-child(2)
Trying to find Element By : By.cssSelector: #pnnext > span:nth-child(2)
Trying to find Element By : By.cssSelector: #pnnext > span:nth-child(2)
Found Element By : By.cssSelector: #pnnext > span:nth-child(2)
Trying to click on: [[ChromeDriver: chrome on WINDOWS (b1acda6b3fb6d538a71cce8634abbf72)] -> css selector: #pnnext > span:nth-child(2)]
Found Element By : By.cssSelector: #pnnext > span:nth-child(2)
Trying to find Element By : By.cssSelector: #pnnext > span:nth-child(2)
Found Element By : By.cssSelector: #pnnext > span:nth-child(2)
Trying to find Element By : By.cssSelector: #pnnext > span:nth-child(2)
Found Element By : By.cssSelector: #pnnext > span:nth-child(2)
Trying to click on: [[EdgeDriver: MicrosoftEdge on WINDOWS (DA8B5612-7863-4B90-8C95-C936024E07B1)] -> css selector: #pnnext > span:nth-child(2)]
Clicked on: [[EdgeDriver: MicrosoftEdge on WINDOWS (DA8B5612-7863-4B90-8C95-C936024E07B1)] -> css selector: #pnnext > span:nth-child(2)]
Trying to find Element By : By.cssSelector: #rso>div
Clicked on: [[ChromeDriver: chrome on WINDOWS (b1acda6b3fb6d538a71cce8634abbf72)] -> css selector: #pnnext > span:nth-child(2)]
Trying to find Element By : By.cssSelector: #rso>div
Found Element By : By.cssSelector: #rso>div
Found Element By : By.cssSelector: #rso>div
Trying to find Element By : By.cssSelector: #pnnext > span:nth-child(2)
Found Element By : By.cssSelector: #pnnext > span:nth-child(2)
Trying to find Element By : By.cssSelector: #pnnext > span:nth-child(2)
Found Element By : By.cssSelector: #pnnext > span:nth-child(2)
Trying to find Element By : By.cssSelector: #pnnext > span:nth-child(2)
Found Element By : By.cssSelector: #pnnext > span:nth-child(2)
Trying to click on: [[FirefoxDriver: firefox on WINDOWS (13586607-a243-45cb-a265-41758934bb11)] -> css selector: #pnnext > span:nth-child(2)]
Clicked on: [[FirefoxDriver: firefox on WINDOWS (13586607-a243-45cb-a265-41758934bb11)] -> css selector: #pnnext > span:nth-child(2)]
Trying to find Element By : By.cssSelector: #rso>div
Found Element By : By.cssSelector: #rso>div
Trying to find Element By : By.cssSelector: #pnnext > span:nth-child(2)
Trying to find Element By : By.cssSelector: #pnnext > span:nth-child(2)
Found Element By : By.cssSelector: #pnnext > span:nth-child(2)
Trying to find Element By : By.cssSelector: #pnnext > span:nth-child(2)
Found Element By : By.cssSelector: #pnnext > span:nth-child(2)
Trying to find Element By : By.cssSelector: #pnnext > span:nth-child(2)
Found Element By : By.cssSelector: #pnnext > span:nth-child(2)
Trying to click on: [[ChromeDriver: chrome on WINDOWS (b1acda6b3fb6d538a71cce8634abbf72)] -> css selector: #pnnext > span:nth-child(2)]
Clicked on: [[ChromeDriver: chrome on WINDOWS (b1acda6b3fb6d538a71cce8634abbf72)] -> css selector: #pnnext > span:nth-child(2)]
Trying to find Element By : By.cssSelector: #rso>div
Found Element By : By.cssSelector: #rso>div
Trying to find Element By : By.cssSelector: #pnnext > span:nth-child(2)
Found Element By : By.cssSelector: #pnnext > span:nth-child(2)
Trying to find Element By : By.cssSelector: #pnnext > span:nth-child(2)
Found Element By : By.cssSelector: #pnnext > span:nth-child(2)
Trying to find Element By : By.cssSelector: #pnnext > span:nth-child(2)
Found Element By : By.cssSelector: #pnnext > span:nth-child(2)
Trying to click on: [[FirefoxDriver: firefox on WINDOWS (13586607-a243-45cb-a265-41758934bb11)] -> css selector: #pnnext > span:nth-child(2)]
Clicked on: [[FirefoxDriver: firefox on WINDOWS (13586607-a243-45cb-a265-41758934bb11)] -> css selector: #pnnext > span:nth-child(2)]
Trying to find Element By : By.cssSelector: #rso>div
Found Element By : By.cssSelector: #rso>div
Before navigating to: 'https://www.google.com/'
Trying to find Element By : By.cssSelector: #pnnext > span:nth-child(2)
Found Element By : By.cssSelector: #pnnext > span:nth-child(2)
Trying to find Element By : By.cssSelector: #pnnext > span:nth-child(2)
Found Element By : By.cssSelector: #pnnext > span:nth-child(2)
Trying to find Element By : By.cssSelector: #pnnext > span:nth-child(2)
Found Element By : By.cssSelector: #pnnext > span:nth-child(2)
Trying to click on: [[ChromeDriver: chrome on WINDOWS (b1acda6b3fb6d538a71cce8634abbf72)] -> css selector: #pnnext > span:nth-child(2)]
Navigated to:'https://www.google.com/'
Trying to find Element By : By.name: q
Found Element By : By.name: q
Trying to find Element By : By.name: q
Found Element By : By.name: q
Change value: [[OperaDriver: opera on WINDOWS (255af662c6b3ffe2b6fd305d7b0d8e08)] -> name: q]
Changed element: [[OperaDriver: opera on WINDOWS (255af662c6b3ffe2b6fd305d7b0d8e08)] -> name: q]
Trying to find Element By : By.name: q
Found Element By : By.name: q
Trying to find Element By : By.name: q
Found Element By : By.name: q
Change value: [[OperaDriver: opera on WINDOWS (255af662c6b3ffe2b6fd305d7b0d8e08)] -> name: q]
Clicked on: [[ChromeDriver: chrome on WINDOWS (b1acda6b3fb6d538a71cce8634abbf72)] -> css selector: #pnnext > span:nth-child(2)]
Trying to find Element By : By.cssSelector: #rso>div
Found Element By : By.cssSelector: #rso>div
Trying to find Element By : By.cssSelector: #pnnext > span:nth-child(2)
Found Element By : By.cssSelector: #pnnext > span:nth-child(2)
Trying to find Element By : By.cssSelector: #pnnext > span:nth-child(2)
Found Element By : By.cssSelector: #pnnext > span:nth-child(2)
Trying to find Element By : By.cssSelector: #pnnext > span:nth-child(2)
Found Element By : By.cssSelector: #pnnext > span:nth-child(2)
Trying to click on: [[FirefoxDriver: firefox on WINDOWS (13586607-a243-45cb-a265-41758934bb11)] -> css selector: #pnnext > span:nth-child(2)]
Clicked on: [[FirefoxDriver: firefox on WINDOWS (13586607-a243-45cb-a265-41758934bb11)] -> css selector: #pnnext > span:nth-child(2)]
Trying to find Element By : By.cssSelector: #rso>div
Found Element By : By.cssSelector: #rso>div
Changed element: [[OperaDriver: opera on WINDOWS (255af662c6b3ffe2b6fd305d7b0d8e08)] -> name: q]
Trying to find Element By : By.cssSelector: #rso>div
Found Element By : By.cssSelector: #rso>div
Trying to find Element By : By.cssSelector: #rso>div
Found Element By : By.cssSelector: #rso>div
Trying to find Element By : By.cssSelector: #pnnext > span:nth-child(2)
Found Element By : By.cssSelector: #pnnext > span:nth-child(2)
Trying to find Element By : By.cssSelector: #pnnext > span:nth-child(2)
Found Element By : By.cssSelector: #pnnext > span:nth-child(2)
Trying to find Element By : By.cssSelector: #pnnext > span:nth-child(2)
Found Element By : By.cssSelector: #pnnext > span:nth-child(2)
Trying to click on: [[ChromeDriver: chrome on WINDOWS (b1acda6b3fb6d538a71cce8634abbf72)] -> css selector: #pnnext > span:nth-child(2)]
Found Element By : By.cssSelector: #pnnext > span:nth-child(2)
Trying to find Element By : By.id: ofr
Clicked on: [[ChromeDriver: chrome on WINDOWS (b1acda6b3fb6d538a71cce8634abbf72)] -> css selector: #pnnext > span:nth-child(2)]
Trying to find Element By : By.cssSelector: #rso>div
Found Element By : By.cssSelector: #rso>div
Found Element By : By.id: ofr
Trying to find Element By : By.id: ofr
Found Element By : By.id: ofr
]]></system-out>
    <system-err><![CDATA[[1589732629.227][SEVERE]: Timed out receiving message from renderer: 0.100
[1589732633.796][SEVERE]: Timed out receiving message from renderer: 0.100
[1589732633.907][SEVERE]: Timed out receiving message from renderer: 0.100
[1589732634.025][SEVERE]: Timed out receiving message from renderer: 0.100
[1589732634.701][SEVERE]: Timed out receiving message from renderer: 0.100
[1589732639.657][SEVERE]: Timed out receiving message from renderer: 0.100
[1589732639.761][SEVERE]: Timed out receiving message from renderer: 0.100
[1589732639.909][SEVERE]: Timed out receiving message from renderer: 0.100
[1589732640.608][SEVERE]: Timed out receiving message from renderer: 0.100
[1589732640.847][SEVERE]: Timed out receiving message from renderer: 0.100
[1589732640.956][SEVERE]: Timed out receiving message from renderer: 0.100
Starting OperaDriver 80.0.3987.100 (3f00c26d457663a424865bbef1179f72eec1b9fe-refs/branch-heads/3987@{#864}) on port 38562
Only local connections are allowed.
Please protect ports used by OperaDriver and related test frameworks to prevent access by malicious code.
[1589732644.476][WARNING]: This version of OperaDriver has not been tested with Opera version 81.
May 17, 2020 7:24:05 PM org.openqa.selenium.remote.ProtocolHandshake createSession
INFO: Detected dialect: OSS
[1589732647.437][SEVERE]: Timed out receiving message from renderer: 0.100
[1589732648.078][SEVERE]: Timed out receiving message from renderer: 0.100
[1589732648.583][SEVERE]: Timed out receiving message from renderer: 0.100
[1589732648.762][SEVERE]: Timed out receiving message from renderer: 0.100
[1589732649.282][SEVERE]: Timed out receiving message from renderer: 0.100
[1589732649.724][SEVERE]: Timed out receiving message from renderer: 0.100
[1589732650.075][SEVERE]: Timed out receiving message from renderer: 0.100
[1589732650.489][SEVERE]: Timed out receiving message from renderer: 0.100
[1589732650.683][SEVERE]: Timed out receiving message from renderer: 0.100
[1589732650.912][SEVERE]: Timed out receiving message from renderer: 0.100
[1589732653.110][SEVERE]: Timed out receiving message from renderer: 0.100
[1589732653.220][SEVERE]: Timed out receiving message from renderer: 0.100
[1589732653.350][SEVERE]: Timed out receiving message from renderer: 0.100
]]></system-err>
  </testcase>
  <testcase name="countSearchResult" classname="com.google.tests.N_0005_CountSearchResultTest" time="23.445"/>
  <testcase name="countSearchResult" classname="com.google.tests.N_0005_CountSearchResultTest" time="47.247"/>
  <testcase name="countSearchResult" classname="com.google.tests.N_0005_CountSearchResultTest" time="60.656"/>
</testsuite>